{"C:\\Users\\Laure\\IdeaProjects\\digischool-api\\src\\app.js": {"path":"C:\\Users\\Laure\\IdeaProjects\\digischool-api\\src\\app.js","statementMap":{"0":{"start":{"line":1,"column":16},"end":{"line":1,"column":34}},"1":{"start":{"line":2,"column":15},"end":{"line":2,"column":32}},"2":{"start":{"line":3,"column":13},"end":{"line":3,"column":28}},"3":{"start":{"line":4,"column":18},"end":{"line":4,"column":47}},"4":{"start":{"line":5,"column":21},"end":{"line":5,"column":58}},"5":{"start":{"line":7,"column":12},"end":{"line":7,"column":21}},"6":{"start":{"line":10,"column":0},"end":{"line":10,"column":18}},"7":{"start":{"line":13,"column":0},"end":{"line":16,"column":4}},"8":{"start":{"line":19,"column":16},"end":{"line":23,"column":2}},"9":{"start":{"line":25,"column":0},"end":{"line":25,"column":25}},"10":{"start":{"line":28,"column":0},"end":{"line":28,"column":24}},"11":{"start":{"line":29,"column":0},"end":{"line":29,"column":48}},"12":{"start":{"line":33,"column":0},"end":{"line":33,"column":37}},"13":{"start":{"line":36,"column":0},"end":{"line":36,"column":22}},"14":{"start":{"line":38,"column":0},"end":{"line":38,"column":21}}},"fnMap":{},"branchMap":{"0":{"loc":{"start":{"line":14,"column":10},"end":{"line":14,"column":40}},"type":"binary-expr","locations":[{"start":{"line":14,"column":10},"end":{"line":14,"column":33}},{"start":{"line":14,"column":37},"end":{"line":14,"column":40}}],"line":14},"1":{"loc":{"start":{"line":20,"column":12},"end":{"line":20,"column":72}},"type":"binary-expr","locations":[{"start":{"line":20,"column":12},"end":{"line":20,"column":54}},{"start":{"line":20,"column":58},"end":{"line":20,"column":72}}],"line":20},"2":{"loc":{"start":{"line":21,"column":7},"end":{"line":21,"column":59}},"type":"binary-expr","locations":[{"start":{"line":21,"column":7},"end":{"line":21,"column":52}},{"start":{"line":21,"column":56},"end":{"line":21,"column":59}}],"line":21}},"s":{"0":0,"1":0,"2":0,"3":0,"4":0,"5":0,"6":0,"7":0,"8":0,"9":0,"10":0,"11":0,"12":0,"13":0,"14":0},"f":{},"b":{"0":[0,0],"1":[0,0],"2":[0,0]}}
,"C:\\Users\\Laure\\IdeaProjects\\digischool-api\\src\\controllers\\authController.js": {"path":"C:\\Users\\Laure\\IdeaProjects\\digischool-api\\src\\controllers\\authController.js","statementMap":{},"fnMap":{},"branchMap":{},"s":{},"f":{},"b":{}}
,"C:\\Users\\Laure\\IdeaProjects\\digischool-api\\src\\controllers\\classController.js": {"path":"C:\\Users\\Laure\\IdeaProjects\\digischool-api\\src\\controllers\\classController.js","statementMap":{"0":{"start":{"line":1,"column":21},"end":{"line":1,"column":56}},"1":{"start":{"line":8,"column":4},"end":{"line":17,"column":5}},"2":{"start":{"line":9,"column":22},"end":{"line":9,"column":56}},"3":{"start":{"line":10,"column":6},"end":{"line":14,"column":9}},"4":{"start":{"line":16,"column":6},"end":{"line":16,"column":18}},"5":{"start":{"line":24,"column":4},"end":{"line":32,"column":5}},"6":{"start":{"line":25,"column":21},"end":{"line":25,"column":67}},"7":{"start":{"line":26,"column":6},"end":{"line":29,"column":9}},"8":{"start":{"line":31,"column":6},"end":{"line":31,"column":18}},"9":{"start":{"line":39,"column":4},"end":{"line":47,"column":5}},"10":{"start":{"line":40,"column":21},"end":{"line":40,"column":61}},"11":{"start":{"line":41,"column":6},"end":{"line":44,"column":9}},"12":{"start":{"line":46,"column":6},"end":{"line":46,"column":18}},"13":{"start":{"line":54,"column":4},"end":{"line":62,"column":5}},"14":{"start":{"line":55,"column":21},"end":{"line":55,"column":76}},"15":{"start":{"line":56,"column":6},"end":{"line":59,"column":9}},"16":{"start":{"line":61,"column":6},"end":{"line":61,"column":18}},"17":{"start":{"line":69,"column":4},"end":{"line":77,"column":5}},"18":{"start":{"line":70,"column":6},"end":{"line":70,"column":52}},"19":{"start":{"line":71,"column":6},"end":{"line":74,"column":9}},"20":{"start":{"line":76,"column":6},"end":{"line":76,"column":18}},"21":{"start":{"line":81,"column":0},"end":{"line":81,"column":39}}},"fnMap":{"0":{"name":"(anonymous_0)","decl":{"start":{"line":7,"column":2},"end":{"line":7,"column":3}},"loc":{"start":{"line":7,"column":31},"end":{"line":18,"column":3}},"line":7},"1":{"name":"(anonymous_1)","decl":{"start":{"line":23,"column":2},"end":{"line":23,"column":3}},"loc":{"start":{"line":23,"column":32},"end":{"line":33,"column":3}},"line":23},"2":{"name":"(anonymous_2)","decl":{"start":{"line":38,"column":2},"end":{"line":38,"column":3}},"loc":{"start":{"line":38,"column":31},"end":{"line":48,"column":3}},"line":38},"3":{"name":"(anonymous_3)","decl":{"start":{"line":53,"column":2},"end":{"line":53,"column":3}},"loc":{"start":{"line":53,"column":31},"end":{"line":63,"column":3}},"line":53},"4":{"name":"(anonymous_4)","decl":{"start":{"line":68,"column":2},"end":{"line":68,"column":3}},"loc":{"start":{"line":68,"column":31},"end":{"line":78,"column":3}},"line":68}},"branchMap":{},"s":{"0":0,"1":0,"2":0,"3":0,"4":0,"5":0,"6":0,"7":0,"8":0,"9":0,"10":0,"11":0,"12":0,"13":0,"14":0,"15":0,"16":0,"17":0,"18":0,"19":0,"20":0,"21":0},"f":{"0":0,"1":0,"2":0,"3":0,"4":0},"b":{}}
,"C:\\Users\\Laure\\IdeaProjects\\digischool-api\\src\\controllers\\gradeController.js": {"path":"C:\\Users\\Laure\\IdeaProjects\\digischool-api\\src\\controllers\\gradeController.js","statementMap":{},"fnMap":{},"branchMap":{},"s":{},"f":{},"b":{}}
,"C:\\Users\\Laure\\IdeaProjects\\digischool-api\\src\\controllers\\studentController.js": {"path":"C:\\Users\\Laure\\IdeaProjects\\digischool-api\\src\\controllers\\studentController.js","statementMap":{"0":{"start":{"line":1,"column":23},"end":{"line":1,"column":60}},"1":{"start":{"line":8,"column":4},"end":{"line":17,"column":5}},"2":{"start":{"line":9,"column":23},"end":{"line":9,"column":60}},"3":{"start":{"line":10,"column":6},"end":{"line":14,"column":9}},"4":{"start":{"line":16,"column":6},"end":{"line":16,"column":18}},"5":{"start":{"line":24,"column":4},"end":{"line":32,"column":5}},"6":{"start":{"line":25,"column":22},"end":{"line":25,"column":72}},"7":{"start":{"line":26,"column":6},"end":{"line":29,"column":9}},"8":{"start":{"line":31,"column":6},"end":{"line":31,"column":18}},"9":{"start":{"line":39,"column":4},"end":{"line":47,"column":5}},"10":{"start":{"line":40,"column":22},"end":{"line":40,"column":66}},"11":{"start":{"line":41,"column":6},"end":{"line":44,"column":9}},"12":{"start":{"line":46,"column":6},"end":{"line":46,"column":18}},"13":{"start":{"line":54,"column":4},"end":{"line":62,"column":5}},"14":{"start":{"line":55,"column":22},"end":{"line":55,"column":81}},"15":{"start":{"line":56,"column":6},"end":{"line":59,"column":9}},"16":{"start":{"line":61,"column":6},"end":{"line":61,"column":18}},"17":{"start":{"line":69,"column":4},"end":{"line":77,"column":5}},"18":{"start":{"line":70,"column":6},"end":{"line":70,"column":56}},"19":{"start":{"line":71,"column":6},"end":{"line":74,"column":9}},"20":{"start":{"line":76,"column":6},"end":{"line":76,"column":18}},"21":{"start":{"line":81,"column":0},"end":{"line":81,"column":41}}},"fnMap":{"0":{"name":"(anonymous_0)","decl":{"start":{"line":7,"column":2},"end":{"line":7,"column":3}},"loc":{"start":{"line":7,"column":31},"end":{"line":18,"column":3}},"line":7},"1":{"name":"(anonymous_1)","decl":{"start":{"line":23,"column":2},"end":{"line":23,"column":3}},"loc":{"start":{"line":23,"column":32},"end":{"line":33,"column":3}},"line":23},"2":{"name":"(anonymous_2)","decl":{"start":{"line":38,"column":2},"end":{"line":38,"column":3}},"loc":{"start":{"line":38,"column":31},"end":{"line":48,"column":3}},"line":38},"3":{"name":"(anonymous_3)","decl":{"start":{"line":53,"column":2},"end":{"line":53,"column":3}},"loc":{"start":{"line":53,"column":31},"end":{"line":63,"column":3}},"line":53},"4":{"name":"(anonymous_4)","decl":{"start":{"line":68,"column":2},"end":{"line":68,"column":3}},"loc":{"start":{"line":68,"column":31},"end":{"line":78,"column":3}},"line":68}},"branchMap":{},"s":{"0":0,"1":0,"2":0,"3":0,"4":0,"5":0,"6":0,"7":0,"8":0,"9":0,"10":0,"11":0,"12":0,"13":0,"14":0,"15":0,"16":0,"17":0,"18":0,"19":0,"20":0,"21":0},"f":{"0":0,"1":0,"2":0,"3":0,"4":0},"b":{}}
,"C:\\Users\\Laure\\IdeaProjects\\digischool-api\\src\\controllers\\subjectController.js": {"path":"C:\\Users\\Laure\\IdeaProjects\\digischool-api\\src\\controllers\\subjectController.js","statementMap":{"0":{"start":{"line":1,"column":23},"end":{"line":1,"column":60}},"1":{"start":{"line":8,"column":2},"end":{"line":17,"column":3}},"2":{"start":{"line":9,"column":20},"end":{"line":9,"column":57}},"3":{"start":{"line":10,"column":3},"end":{"line":14,"column":6}},"4":{"start":{"line":16,"column":3},"end":{"line":16,"column":15}},"5":{"start":{"line":24,"column":2},"end":{"line":32,"column":3}},"6":{"start":{"line":25,"column":19},"end":{"line":25,"column":69}},"7":{"start":{"line":26,"column":3},"end":{"line":29,"column":6}},"8":{"start":{"line":31,"column":3},"end":{"line":31,"column":15}},"9":{"start":{"line":39,"column":2},"end":{"line":47,"column":3}},"10":{"start":{"line":40,"column":19},"end":{"line":40,"column":63}},"11":{"start":{"line":41,"column":3},"end":{"line":44,"column":6}},"12":{"start":{"line":46,"column":3},"end":{"line":46,"column":15}},"13":{"start":{"line":54,"column":2},"end":{"line":65,"column":3}},"14":{"start":{"line":55,"column":19},"end":{"line":58,"column":4}},"15":{"start":{"line":59,"column":3},"end":{"line":62,"column":6}},"16":{"start":{"line":64,"column":3},"end":{"line":64,"column":15}},"17":{"start":{"line":72,"column":2},"end":{"line":80,"column":3}},"18":{"start":{"line":73,"column":3},"end":{"line":73,"column":53}},"19":{"start":{"line":74,"column":3},"end":{"line":77,"column":6}},"20":{"start":{"line":79,"column":3},"end":{"line":79,"column":15}},"21":{"start":{"line":84,"column":0},"end":{"line":84,"column":41}}},"fnMap":{"0":{"name":"(anonymous_0)","decl":{"start":{"line":7,"column":1},"end":{"line":7,"column":2}},"loc":{"start":{"line":7,"column":30},"end":{"line":18,"column":2}},"line":7},"1":{"name":"(anonymous_1)","decl":{"start":{"line":23,"column":1},"end":{"line":23,"column":2}},"loc":{"start":{"line":23,"column":31},"end":{"line":33,"column":2}},"line":23},"2":{"name":"(anonymous_2)","decl":{"start":{"line":38,"column":1},"end":{"line":38,"column":2}},"loc":{"start":{"line":38,"column":30},"end":{"line":48,"column":2}},"line":38},"3":{"name":"(anonymous_3)","decl":{"start":{"line":53,"column":1},"end":{"line":53,"column":2}},"loc":{"start":{"line":53,"column":30},"end":{"line":66,"column":2}},"line":53},"4":{"name":"(anonymous_4)","decl":{"start":{"line":71,"column":1},"end":{"line":71,"column":2}},"loc":{"start":{"line":71,"column":30},"end":{"line":81,"column":2}},"line":71}},"branchMap":{},"s":{"0":0,"1":0,"2":0,"3":0,"4":0,"5":0,"6":0,"7":0,"8":0,"9":0,"10":0,"11":0,"12":0,"13":0,"14":0,"15":0,"16":0,"17":0,"18":0,"19":0,"20":0,"21":0},"f":{"0":0,"1":0,"2":0,"3":0,"4":0},"b":{}}
,"C:\\Users\\Laure\\IdeaProjects\\digischool-api\\src\\controllers\\teacherController.js": {"path":"C:\\Users\\Laure\\IdeaProjects\\digischool-api\\src\\controllers\\teacherController.js","statementMap":{"0":{"start":{"line":1,"column":23},"end":{"line":1,"column":60}},"1":{"start":{"line":8,"column":4},"end":{"line":17,"column":5}},"2":{"start":{"line":9,"column":23},"end":{"line":9,"column":60}},"3":{"start":{"line":10,"column":6},"end":{"line":14,"column":9}},"4":{"start":{"line":16,"column":6},"end":{"line":16,"column":18}},"5":{"start":{"line":24,"column":4},"end":{"line":32,"column":5}},"6":{"start":{"line":25,"column":22},"end":{"line":25,"column":72}},"7":{"start":{"line":26,"column":6},"end":{"line":29,"column":9}},"8":{"start":{"line":31,"column":6},"end":{"line":31,"column":18}},"9":{"start":{"line":39,"column":4},"end":{"line":47,"column":5}},"10":{"start":{"line":40,"column":22},"end":{"line":40,"column":66}},"11":{"start":{"line":41,"column":6},"end":{"line":44,"column":9}},"12":{"start":{"line":46,"column":6},"end":{"line":46,"column":18}},"13":{"start":{"line":54,"column":4},"end":{"line":62,"column":5}},"14":{"start":{"line":55,"column":22},"end":{"line":55,"column":81}},"15":{"start":{"line":56,"column":6},"end":{"line":59,"column":9}},"16":{"start":{"line":61,"column":6},"end":{"line":61,"column":18}},"17":{"start":{"line":69,"column":4},"end":{"line":77,"column":5}},"18":{"start":{"line":70,"column":6},"end":{"line":70,"column":56}},"19":{"start":{"line":71,"column":6},"end":{"line":74,"column":9}},"20":{"start":{"line":76,"column":6},"end":{"line":76,"column":18}},"21":{"start":{"line":81,"column":0},"end":{"line":81,"column":41}}},"fnMap":{"0":{"name":"(anonymous_0)","decl":{"start":{"line":7,"column":2},"end":{"line":7,"column":3}},"loc":{"start":{"line":7,"column":31},"end":{"line":18,"column":3}},"line":7},"1":{"name":"(anonymous_1)","decl":{"start":{"line":23,"column":2},"end":{"line":23,"column":3}},"loc":{"start":{"line":23,"column":32},"end":{"line":33,"column":3}},"line":23},"2":{"name":"(anonymous_2)","decl":{"start":{"line":38,"column":2},"end":{"line":38,"column":3}},"loc":{"start":{"line":38,"column":31},"end":{"line":48,"column":3}},"line":38},"3":{"name":"(anonymous_3)","decl":{"start":{"line":53,"column":2},"end":{"line":53,"column":3}},"loc":{"start":{"line":53,"column":31},"end":{"line":63,"column":3}},"line":53},"4":{"name":"(anonymous_4)","decl":{"start":{"line":68,"column":2},"end":{"line":68,"column":3}},"loc":{"start":{"line":68,"column":31},"end":{"line":78,"column":3}},"line":68}},"branchMap":{},"s":{"0":0,"1":0,"2":0,"3":0,"4":0,"5":0,"6":0,"7":0,"8":0,"9":0,"10":0,"11":0,"12":0,"13":0,"14":0,"15":0,"16":0,"17":0,"18":0,"19":0,"20":0,"21":0},"f":{"0":0,"1":0,"2":0,"3":0,"4":0},"b":{}}
,"C:\\Users\\Laure\\IdeaProjects\\digischool-api\\src\\controllers\\trimesterController.js": {"path":"C:\\Users\\Laure\\IdeaProjects\\digischool-api\\src\\controllers\\trimesterController.js","statementMap":{"0":{"start":{"line":1,"column":25},"end":{"line":1,"column":64}},"1":{"start":{"line":8,"column":4},"end":{"line":17,"column":5}},"2":{"start":{"line":9,"column":25},"end":{"line":9,"column":66}},"3":{"start":{"line":10,"column":6},"end":{"line":14,"column":9}},"4":{"start":{"line":16,"column":6},"end":{"line":16,"column":18}},"5":{"start":{"line":24,"column":4},"end":{"line":32,"column":5}},"6":{"start":{"line":25,"column":24},"end":{"line":25,"column":78}},"7":{"start":{"line":26,"column":6},"end":{"line":29,"column":9}},"8":{"start":{"line":31,"column":6},"end":{"line":31,"column":18}},"9":{"start":{"line":39,"column":4},"end":{"line":47,"column":5}},"10":{"start":{"line":40,"column":24},"end":{"line":40,"column":72}},"11":{"start":{"line":41,"column":6},"end":{"line":44,"column":9}},"12":{"start":{"line":46,"column":6},"end":{"line":46,"column":18}},"13":{"start":{"line":54,"column":4},"end":{"line":62,"column":5}},"14":{"start":{"line":55,"column":24},"end":{"line":55,"column":87}},"15":{"start":{"line":56,"column":6},"end":{"line":59,"column":9}},"16":{"start":{"line":61,"column":6},"end":{"line":61,"column":18}},"17":{"start":{"line":69,"column":4},"end":{"line":77,"column":5}},"18":{"start":{"line":70,"column":6},"end":{"line":70,"column":60}},"19":{"start":{"line":71,"column":6},"end":{"line":74,"column":9}},"20":{"start":{"line":76,"column":6},"end":{"line":76,"column":18}},"21":{"start":{"line":81,"column":0},"end":{"line":81,"column":43}}},"fnMap":{"0":{"name":"(anonymous_0)","decl":{"start":{"line":7,"column":2},"end":{"line":7,"column":3}},"loc":{"start":{"line":7,"column":31},"end":{"line":18,"column":3}},"line":7},"1":{"name":"(anonymous_1)","decl":{"start":{"line":23,"column":2},"end":{"line":23,"column":3}},"loc":{"start":{"line":23,"column":32},"end":{"line":33,"column":3}},"line":23},"2":{"name":"(anonymous_2)","decl":{"start":{"line":38,"column":2},"end":{"line":38,"column":3}},"loc":{"start":{"line":38,"column":31},"end":{"line":48,"column":3}},"line":38},"3":{"name":"(anonymous_3)","decl":{"start":{"line":53,"column":2},"end":{"line":53,"column":3}},"loc":{"start":{"line":53,"column":31},"end":{"line":63,"column":3}},"line":53},"4":{"name":"(anonymous_4)","decl":{"start":{"line":68,"column":2},"end":{"line":68,"column":3}},"loc":{"start":{"line":68,"column":31},"end":{"line":78,"column":3}},"line":68}},"branchMap":{},"s":{"0":0,"1":0,"2":0,"3":0,"4":0,"5":0,"6":0,"7":0,"8":0,"9":0,"10":0,"11":0,"12":0,"13":0,"14":0,"15":0,"16":0,"17":0,"18":0,"19":0,"20":0,"21":0},"f":{"0":0,"1":0,"2":0,"3":0,"4":0},"b":{}}
,"C:\\Users\\Laure\\IdeaProjects\\digischool-api\\src\\middlewares\\authMiddleware.js": {"path":"C:\\Users\\Laure\\IdeaProjects\\digischool-api\\src\\middlewares\\authMiddleware.js","statementMap":{},"fnMap":{},"branchMap":{},"s":{},"f":{},"b":{}}
,"C:\\Users\\Laure\\IdeaProjects\\digischool-api\\src\\middlewares\\errorHandler.js": {"path":"C:\\Users\\Laure\\IdeaProjects\\digischool-api\\src\\middlewares\\errorHandler.js","statementMap":{"0":{"start":{"line":1,"column":21},"end":{"line":50,"column":1}},"1":{"start":{"line":4,"column":4},"end":{"line":11,"column":5}},"2":{"start":{"line":5,"column":23},"end":{"line":5,"column":68}},"3":{"start":{"line":5,"column":58},"end":{"line":5,"column":67}},"4":{"start":{"line":6,"column":8},"end":{"line":10,"column":11}},"5":{"start":{"line":14,"column":4},"end":{"line":19,"column":5}},"6":{"start":{"line":15,"column":8},"end":{"line":18,"column":11}},"7":{"start":{"line":22,"column":4},"end":{"line":27,"column":5}},"8":{"start":{"line":23,"column":8},"end":{"line":26,"column":11}},"9":{"start":{"line":30,"column":4},"end":{"line":35,"column":5}},"10":{"start":{"line":31,"column":8},"end":{"line":34,"column":11}},"11":{"start":{"line":37,"column":4},"end":{"line":42,"column":5}},"12":{"start":{"line":38,"column":8},"end":{"line":41,"column":11}},"13":{"start":{"line":45,"column":4},"end":{"line":49,"column":7}},"14":{"start":{"line":52,"column":0},"end":{"line":52,"column":30}}},"fnMap":{"0":{"name":"(anonymous_0)","decl":{"start":{"line":1,"column":21},"end":{"line":1,"column":22}},"loc":{"start":{"line":1,"column":46},"end":{"line":50,"column":1}},"line":1},"1":{"name":"(anonymous_1)","decl":{"start":{"line":5,"column":53},"end":{"line":5,"column":54}},"loc":{"start":{"line":5,"column":58},"end":{"line":5,"column":67}},"line":5}},"branchMap":{"0":{"loc":{"start":{"line":4,"column":4},"end":{"line":11,"column":5}},"type":"if","locations":[{"start":{"line":4,"column":4},"end":{"line":11,"column":5}},{"start":{},"end":{}}],"line":4},"1":{"loc":{"start":{"line":14,"column":4},"end":{"line":19,"column":5}},"type":"if","locations":[{"start":{"line":14,"column":4},"end":{"line":19,"column":5}},{"start":{},"end":{}}],"line":14},"2":{"loc":{"start":{"line":22,"column":4},"end":{"line":27,"column":5}},"type":"if","locations":[{"start":{"line":22,"column":4},"end":{"line":27,"column":5}},{"start":{},"end":{}}],"line":22},"3":{"loc":{"start":{"line":30,"column":4},"end":{"line":35,"column":5}},"type":"if","locations":[{"start":{"line":30,"column":4},"end":{"line":35,"column":5}},{"start":{},"end":{}}],"line":30},"4":{"loc":{"start":{"line":37,"column":4},"end":{"line":42,"column":5}},"type":"if","locations":[{"start":{"line":37,"column":4},"end":{"line":42,"column":5}},{"start":{},"end":{}}],"line":37},"5":{"loc":{"start":{"line":45,"column":15},"end":{"line":45,"column":36}},"type":"binary-expr","locations":[{"start":{"line":45,"column":15},"end":{"line":45,"column":29}},{"start":{"line":45,"column":33},"end":{"line":45,"column":36}}],"line":45},"6":{"loc":{"start":{"line":47,"column":15},"end":{"line":47,"column":53}},"type":"binary-expr","locations":[{"start":{"line":47,"column":15},"end":{"line":47,"column":26}},{"start":{"line":47,"column":30},"end":{"line":47,"column":53}}],"line":47},"7":{"loc":{"start":{"line":48,"column":12},"end":{"line":48,"column":74}},"type":"binary-expr","locations":[{"start":{"line":48,"column":12},"end":{"line":48,"column":50}},{"start":{"line":48,"column":54},"end":{"line":48,"column":74}}],"line":48}},"s":{"0":0,"1":0,"2":0,"3":0,"4":0,"5":0,"6":0,"7":0,"8":0,"9":0,"10":0,"11":0,"12":0,"13":0,"14":0},"f":{"0":0,"1":0},"b":{"0":[0,0],"1":[0,0],"2":[0,0],"3":[0,0],"4":[0,0],"5":[0,0],"6":[0,0],"7":[0,0]}}
,"C:\\Users\\Laure\\IdeaProjects\\digischool-api\\src\\middlewares\\validation.js": {"path":"C:\\Users\\Laure\\IdeaProjects\\digischool-api\\src\\middlewares\\validation.js","statementMap":{"0":{"start":{"line":1,"column":29},"end":{"line":1,"column":57}},"1":{"start":{"line":3,"column":17},"end":{"line":16,"column":1}},"2":{"start":{"line":4,"column":17},"end":{"line":4,"column":38}},"3":{"start":{"line":5,"column":2},"end":{"line":14,"column":3}},"4":{"start":{"line":6,"column":4},"end":{"line":13,"column":7}},"5":{"start":{"line":9,"column":42},"end":{"line":12,"column":7}},"6":{"start":{"line":15,"column":2},"end":{"line":15,"column":9}},"7":{"start":{"line":18,"column":0},"end":{"line":18,"column":30}}},"fnMap":{"0":{"name":"(anonymous_0)","decl":{"start":{"line":3,"column":17},"end":{"line":3,"column":18}},"loc":{"start":{"line":3,"column":37},"end":{"line":16,"column":1}},"line":3},"1":{"name":"(anonymous_1)","decl":{"start":{"line":9,"column":34},"end":{"line":9,"column":35}},"loc":{"start":{"line":9,"column":42},"end":{"line":12,"column":7}},"line":9}},"branchMap":{"0":{"loc":{"start":{"line":5,"column":2},"end":{"line":14,"column":3}},"type":"if","locations":[{"start":{"line":5,"column":2},"end":{"line":14,"column":3}},{"start":{},"end":{}}],"line":5}},"s":{"0":0,"1":0,"2":0,"3":0,"4":0,"5":0,"6":0,"7":0},"f":{"0":0,"1":0},"b":{"0":[0,0]}}
,"C:\\Users\\Laure\\IdeaProjects\\digischool-api\\src\\models\\Class.js": {"path":"C:\\Users\\Laure\\IdeaProjects\\digischool-api\\src\\models\\Class.js","statementMap":{"0":{"start":{"line":1,"column":17},"end":{"line":1,"column":36}},"1":{"start":{"line":3,"column":20},"end":{"line":18,"column":2}},"2":{"start":{"line":20,"column":0},"end":{"line":20,"column":54}}},"fnMap":{},"branchMap":{},"s":{"0":0,"1":0,"2":0},"f":{},"b":{}}
,"C:\\Users\\Laure\\IdeaProjects\\digischool-api\\src\\models\\Grade.js": {"path":"C:\\Users\\Laure\\IdeaProjects\\digischool-api\\src\\models\\Grade.js","statementMap":{},"fnMap":{},"branchMap":{},"s":{},"f":{},"b":{}}
,"C:\\Users\\Laure\\IdeaProjects\\digischool-api\\src\\models\\Student.js": {"path":"C:\\Users\\Laure\\IdeaProjects\\digischool-api\\src\\models\\Student.js","statementMap":{"0":{"start":{"line":1,"column":17},"end":{"line":1,"column":36}},"1":{"start":{"line":3,"column":22},"end":{"line":46,"column":2}},"2":{"start":{"line":26,"column":8},"end":{"line":26,"column":34}},"3":{"start":{"line":48,"column":0},"end":{"line":48,"column":58}}},"fnMap":{"0":{"name":"(anonymous_0)","decl":{"start":{"line":25,"column":17},"end":{"line":25,"column":18}},"loc":{"start":{"line":25,"column":33},"end":{"line":27,"column":7}},"line":25}},"branchMap":{},"s":{"0":0,"1":0,"2":0,"3":0},"f":{"0":0},"b":{}}
,"C:\\Users\\Laure\\IdeaProjects\\digischool-api\\src\\models\\Subject.js": {"path":"C:\\Users\\Laure\\IdeaProjects\\digischool-api\\src\\models\\Subject.js","statementMap":{"0":{"start":{"line":1,"column":17},"end":{"line":1,"column":36}},"1":{"start":{"line":3,"column":22},"end":{"line":16,"column":1}},"2":{"start":{"line":18,"column":0},"end":{"line":18,"column":58}}},"fnMap":{},"branchMap":{},"s":{"0":0,"1":0,"2":0},"f":{},"b":{}}
,"C:\\Users\\Laure\\IdeaProjects\\digischool-api\\src\\models\\Teacher.js": {"path":"C:\\Users\\Laure\\IdeaProjects\\digischool-api\\src\\models\\Teacher.js","statementMap":{"0":{"start":{"line":1,"column":17},"end":{"line":1,"column":36}},"1":{"start":{"line":3,"column":22},"end":{"line":41,"column":2}},"2":{"start":{"line":21,"column":8},"end":{"line":21,"column":34}},"3":{"start":{"line":43,"column":0},"end":{"line":43,"column":58}}},"fnMap":{"0":{"name":"(anonymous_0)","decl":{"start":{"line":20,"column":17},"end":{"line":20,"column":18}},"loc":{"start":{"line":20,"column":33},"end":{"line":22,"column":7}},"line":20}},"branchMap":{},"s":{"0":1,"1":1,"2":0,"3":1},"f":{"0":0},"b":{},"_coverageSchema":"1a1c01bbd47fc00a2c39e90264f33305004495a9","hash":"282b0fd7fa72624481af8ee5f4a79e91542213ed"}
,"C:\\Users\\Laure\\IdeaProjects\\digischool-api\\src\\models\\Trimester.js": {"path":"C:\\Users\\Laure\\IdeaProjects\\digischool-api\\src\\models\\Trimester.js","statementMap":{"0":{"start":{"line":1,"column":17},"end":{"line":1,"column":36}},"1":{"start":{"line":3,"column":24},"end":{"line":16,"column":2}},"2":{"start":{"line":18,"column":0},"end":{"line":18,"column":62}}},"fnMap":{},"branchMap":{},"s":{"0":0,"1":0,"2":0},"f":{},"b":{}}
,"C:\\Users\\Laure\\IdeaProjects\\digischool-api\\src\\models\\User.js": {"path":"C:\\Users\\Laure\\IdeaProjects\\digischool-api\\src\\models\\User.js","statementMap":{},"fnMap":{},"branchMap":{},"s":{},"f":{},"b":{}}
,"C:\\Users\\Laure\\IdeaProjects\\digischool-api\\src\\routes\\authRoutes.js": {"path":"C:\\Users\\Laure\\IdeaProjects\\digischool-api\\src\\routes\\authRoutes.js","statementMap":{},"fnMap":{},"branchMap":{},"s":{},"f":{},"b":{}}
,"C:\\Users\\Laure\\IdeaProjects\\digischool-api\\src\\routes\\classRoutes.js": {"path":"C:\\Users\\Laure\\IdeaProjects\\digischool-api\\src\\routes\\classRoutes.js","statementMap":{"0":{"start":{"line":1,"column":16},"end":{"line":1,"column":34}},"1":{"start":{"line":2,"column":15},"end":{"line":2,"column":31}},"2":{"start":{"line":3,"column":24},"end":{"line":3,"column":65}},"3":{"start":{"line":4,"column":24},"end":{"line":4,"column":52}},"4":{"start":{"line":5,"column":21},"end":{"line":5,"column":57}},"5":{"start":{"line":9,"column":29},"end":{"line":17,"column":1}},"6":{"start":{"line":19,"column":21},"end":{"line":21,"column":1}},"7":{"start":{"line":24,"column":0},"end":{"line":24,"column":40}},"8":{"start":{"line":25,"column":0},"end":{"line":25,"column":68}},"9":{"start":{"line":26,"column":0},"end":{"line":26,"column":73}},"10":{"start":{"line":27,"column":0},"end":{"line":27,"column":89}},"11":{"start":{"line":28,"column":0},"end":{"line":28,"column":70}},"12":{"start":{"line":30,"column":0},"end":{"line":30,"column":24}}},"fnMap":{},"branchMap":{},"s":{"0":0,"1":0,"2":0,"3":0,"4":0,"5":0,"6":0,"7":0,"8":0,"9":0,"10":0,"11":0,"12":0},"f":{},"b":{}}
,"C:\\Users\\Laure\\IdeaProjects\\digischool-api\\src\\routes\\gradeRoutes.js": {"path":"C:\\Users\\Laure\\IdeaProjects\\digischool-api\\src\\routes\\gradeRoutes.js","statementMap":{},"fnMap":{},"branchMap":{},"s":{},"f":{},"b":{}}
,"C:\\Users\\Laure\\IdeaProjects\\digischool-api\\src\\routes\\index.js": {"path":"C:\\Users\\Laure\\IdeaProjects\\digischool-api\\src\\routes\\index.js","statementMap":{"0":{"start":{"line":1,"column":16},"end":{"line":1,"column":34}},"1":{"start":{"line":2,"column":15},"end":{"line":2,"column":31}},"2":{"start":{"line":5,"column":22},"end":{"line":5,"column":48}},"3":{"start":{"line":6,"column":22},"end":{"line":6,"column":48}},"4":{"start":{"line":7,"column":20},"end":{"line":7,"column":44}},"5":{"start":{"line":8,"column":22},"end":{"line":8,"column":48}},"6":{"start":{"line":9,"column":24},"end":{"line":9,"column":52}},"7":{"start":{"line":12,"column":0},"end":{"line":12,"column":39}},"8":{"start":{"line":13,"column":0},"end":{"line":13,"column":39}},"9":{"start":{"line":14,"column":0},"end":{"line":14,"column":36}},"10":{"start":{"line":15,"column":0},"end":{"line":15,"column":39}},"11":{"start":{"line":16,"column":0},"end":{"line":16,"column":43}},"12":{"start":{"line":18,"column":0},"end":{"line":18,"column":24}}},"fnMap":{},"branchMap":{},"s":{"0":0,"1":0,"2":0,"3":0,"4":0,"5":0,"6":0,"7":0,"8":0,"9":0,"10":0,"11":0,"12":0},"f":{},"b":{}}
,"C:\\Users\\Laure\\IdeaProjects\\digischool-api\\src\\routes\\studentRoutes.js": {"path":"C:\\Users\\Laure\\IdeaProjects\\digischool-api\\src\\routes\\studentRoutes.js","statementMap":{"0":{"start":{"line":1,"column":16},"end":{"line":1,"column":34}},"1":{"start":{"line":2,"column":15},"end":{"line":2,"column":31}},"2":{"start":{"line":3,"column":26},"end":{"line":3,"column":69}},"3":{"start":{"line":4,"column":24},"end":{"line":4,"column":52}},"4":{"start":{"line":5,"column":21},"end":{"line":5,"column":57}},"5":{"start":{"line":9,"column":31},"end":{"line":37,"column":1}},"6":{"start":{"line":25,"column":6},"end":{"line":27,"column":7}},"7":{"start":{"line":26,"column":8},"end":{"line":26,"column":58}},"8":{"start":{"line":28,"column":6},"end":{"line":28,"column":18}},"9":{"start":{"line":39,"column":21},"end":{"line":41,"column":1}},"10":{"start":{"line":44,"column":0},"end":{"line":44,"column":42}},"11":{"start":{"line":45,"column":0},"end":{"line":45,"column":70}},"12":{"start":{"line":46,"column":0},"end":{"line":46,"column":77}},"13":{"start":{"line":47,"column":0},"end":{"line":47,"column":93}},"14":{"start":{"line":48,"column":0},"end":{"line":48,"column":72}},"15":{"start":{"line":50,"column":0},"end":{"line":50,"column":24}}},"fnMap":{"0":{"name":"(anonymous_0)","decl":{"start":{"line":24,"column":12},"end":{"line":24,"column":13}},"loc":{"start":{"line":24,"column":23},"end":{"line":29,"column":5}},"line":24}},"branchMap":{"0":{"loc":{"start":{"line":25,"column":6},"end":{"line":27,"column":7}},"type":"if","locations":[{"start":{"line":25,"column":6},"end":{"line":27,"column":7}},{"start":{},"end":{}}],"line":25}},"s":{"0":0,"1":0,"2":0,"3":0,"4":0,"5":0,"6":0,"7":0,"8":0,"9":0,"10":0,"11":0,"12":0,"13":0,"14":0,"15":0},"f":{"0":0},"b":{"0":[0,0]}}
,"C:\\Users\\Laure\\IdeaProjects\\digischool-api\\src\\routes\\subjectRoutes.js": {"path":"C:\\Users\\Laure\\IdeaProjects\\digischool-api\\src\\routes\\subjectRoutes.js","statementMap":{"0":{"start":{"line":1,"column":16},"end":{"line":1,"column":34}},"1":{"start":{"line":2,"column":15},"end":{"line":2,"column":31}},"2":{"start":{"line":3,"column":26},"end":{"line":3,"column":69}},"3":{"start":{"line":4,"column":24},"end":{"line":4,"column":52}},"4":{"start":{"line":5,"column":21},"end":{"line":5,"column":57}},"5":{"start":{"line":9,"column":31},"end":{"line":16,"column":1}},"6":{"start":{"line":18,"column":21},"end":{"line":20,"column":1}},"7":{"start":{"line":23,"column":0},"end":{"line":23,"column":42}},"8":{"start":{"line":24,"column":0},"end":{"line":24,"column":70}},"9":{"start":{"line":25,"column":0},"end":{"line":25,"column":77}},"10":{"start":{"line":26,"column":0},"end":{"line":32,"column":2}},"11":{"start":{"line":33,"column":0},"end":{"line":33,"column":72}},"12":{"start":{"line":35,"column":0},"end":{"line":35,"column":24}}},"fnMap":{},"branchMap":{},"s":{"0":0,"1":0,"2":0,"3":0,"4":0,"5":0,"6":0,"7":0,"8":0,"9":0,"10":0,"11":0,"12":0},"f":{},"b":{}}
,"C:\\Users\\Laure\\IdeaProjects\\digischool-api\\src\\routes\\teacherRoutes.js": {"path":"C:\\Users\\Laure\\IdeaProjects\\digischool-api\\src\\routes\\teacherRoutes.js","statementMap":{"0":{"start":{"line":1,"column":16},"end":{"line":1,"column":34}},"1":{"start":{"line":2,"column":15},"end":{"line":2,"column":31}},"2":{"start":{"line":3,"column":26},"end":{"line":3,"column":69}},"3":{"start":{"line":4,"column":24},"end":{"line":4,"column":52}},"4":{"start":{"line":5,"column":21},"end":{"line":5,"column":57}},"5":{"start":{"line":8,"column":31},"end":{"line":33,"column":1}},"6":{"start":{"line":21,"column":6},"end":{"line":23,"column":7}},"7":{"start":{"line":22,"column":8},"end":{"line":22,"column":58}},"8":{"start":{"line":24,"column":6},"end":{"line":24,"column":18}},"9":{"start":{"line":35,"column":21},"end":{"line":37,"column":1}},"10":{"start":{"line":40,"column":0},"end":{"line":40,"column":42}},"11":{"start":{"line":41,"column":0},"end":{"line":41,"column":70}},"12":{"start":{"line":42,"column":0},"end":{"line":42,"column":77}},"13":{"start":{"line":43,"column":0},"end":{"line":43,"column":93}},"14":{"start":{"line":44,"column":0},"end":{"line":44,"column":72}},"15":{"start":{"line":46,"column":0},"end":{"line":46,"column":24}}},"fnMap":{"0":{"name":"(anonymous_0)","decl":{"start":{"line":20,"column":12},"end":{"line":20,"column":13}},"loc":{"start":{"line":20,"column":23},"end":{"line":25,"column":5}},"line":20}},"branchMap":{"0":{"loc":{"start":{"line":21,"column":6},"end":{"line":23,"column":7}},"type":"if","locations":[{"start":{"line":21,"column":6},"end":{"line":23,"column":7}},{"start":{},"end":{}}],"line":21}},"s":{"0":0,"1":0,"2":0,"3":0,"4":0,"5":0,"6":0,"7":0,"8":0,"9":0,"10":0,"11":0,"12":0,"13":0,"14":0,"15":0},"f":{"0":0},"b":{"0":[0,0]}}
,"C:\\Users\\Laure\\IdeaProjects\\digischool-api\\src\\routes\\trimesterRoutes.js": {"path":"C:\\Users\\Laure\\IdeaProjects\\digischool-api\\src\\routes\\trimesterRoutes.js","statementMap":{"0":{"start":{"line":1,"column":16},"end":{"line":1,"column":34}},"1":{"start":{"line":2,"column":15},"end":{"line":2,"column":31}},"2":{"start":{"line":3,"column":28},"end":{"line":3,"column":73}},"3":{"start":{"line":4,"column":24},"end":{"line":4,"column":52}},"4":{"start":{"line":5,"column":21},"end":{"line":5,"column":57}},"5":{"start":{"line":9,"column":33},"end":{"line":17,"column":1}},"6":{"start":{"line":19,"column":21},"end":{"line":21,"column":1}},"7":{"start":{"line":24,"column":0},"end":{"line":24,"column":44}},"8":{"start":{"line":25,"column":0},"end":{"line":25,"column":72}},"9":{"start":{"line":26,"column":0},"end":{"line":26,"column":81}},"10":{"start":{"line":27,"column":0},"end":{"line":27,"column":97}},"11":{"start":{"line":28,"column":0},"end":{"line":28,"column":74}},"12":{"start":{"line":30,"column":0},"end":{"line":30,"column":24}}},"fnMap":{},"branchMap":{},"s":{"0":0,"1":0,"2":0,"3":0,"4":0,"5":0,"6":0,"7":0,"8":0,"9":0,"10":0,"11":0,"12":0},"f":{},"b":{}}
,"C:\\Users\\Laure\\IdeaProjects\\digischool-api\\src\\services\\authService.js": {"path":"C:\\Users\\Laure\\IdeaProjects\\digischool-api\\src\\services\\authService.js","statementMap":{},"fnMap":{},"branchMap":{},"s":{},"f":{},"b":{}}
,"C:\\Users\\Laure\\IdeaProjects\\digischool-api\\src\\services\\classService.js": {"path":"C:\\Users\\Laure\\IdeaProjects\\digischool-api\\src\\services\\classService.js","statementMap":{"0":{"start":{"line":1,"column":14},"end":{"line":1,"column":40}},"1":{"start":{"line":2,"column":16},"end":{"line":2,"column":44}},"2":{"start":{"line":6,"column":4},"end":{"line":6,"column":78}},"3":{"start":{"line":10,"column":19},"end":{"line":10,"column":74}},"4":{"start":{"line":11,"column":4},"end":{"line":13,"column":5}},"5":{"start":{"line":12,"column":6},"end":{"line":12,"column":41}},"6":{"start":{"line":14,"column":4},"end":{"line":14,"column":18}},"7":{"start":{"line":19,"column":20},"end":{"line":19,"column":58}},"8":{"start":{"line":20,"column":4},"end":{"line":22,"column":5}},"9":{"start":{"line":21,"column":6},"end":{"line":21,"column":43}},"10":{"start":{"line":24,"column":19},"end":{"line":24,"column":39}},"11":{"start":{"line":25,"column":4},"end":{"line":25,"column":24}},"12":{"start":{"line":28,"column":4},"end":{"line":28,"column":75}},"13":{"start":{"line":33,"column":4},"end":{"line":38,"column":5}},"14":{"start":{"line":34,"column":22},"end":{"line":34,"column":61}},"15":{"start":{"line":35,"column":6},"end":{"line":37,"column":7}},"16":{"start":{"line":36,"column":8},"end":{"line":36,"column":45}},"17":{"start":{"line":40,"column":19},"end":{"line":44,"column":36}},"18":{"start":{"line":46,"column":4},"end":{"line":48,"column":5}},"19":{"start":{"line":47,"column":6},"end":{"line":47,"column":41}},"20":{"start":{"line":49,"column":4},"end":{"line":49,"column":18}},"21":{"start":{"line":53,"column":19},"end":{"line":53,"column":52}},"22":{"start":{"line":54,"column":4},"end":{"line":56,"column":5}},"23":{"start":{"line":55,"column":6},"end":{"line":55,"column":41}},"24":{"start":{"line":57,"column":4},"end":{"line":57,"column":18}},"25":{"start":{"line":61,"column":0},"end":{"line":61,"column":36}}},"fnMap":{"0":{"name":"(anonymous_0)","decl":{"start":{"line":5,"column":2},"end":{"line":5,"column":3}},"loc":{"start":{"line":5,"column":24},"end":{"line":7,"column":3}},"line":5},"1":{"name":"(anonymous_1)","decl":{"start":{"line":9,"column":2},"end":{"line":9,"column":3}},"loc":{"start":{"line":9,"column":25},"end":{"line":15,"column":3}},"line":9},"2":{"name":"(anonymous_2)","decl":{"start":{"line":17,"column":2},"end":{"line":17,"column":3}},"loc":{"start":{"line":17,"column":31},"end":{"line":29,"column":3}},"line":17},"3":{"name":"(anonymous_3)","decl":{"start":{"line":31,"column":2},"end":{"line":31,"column":3}},"loc":{"start":{"line":31,"column":36},"end":{"line":50,"column":3}},"line":31},"4":{"name":"(anonymous_4)","decl":{"start":{"line":52,"column":2},"end":{"line":52,"column":3}},"loc":{"start":{"line":52,"column":24},"end":{"line":58,"column":3}},"line":52}},"branchMap":{"0":{"loc":{"start":{"line":11,"column":4},"end":{"line":13,"column":5}},"type":"if","locations":[{"start":{"line":11,"column":4},"end":{"line":13,"column":5}},{"start":{},"end":{}}],"line":11},"1":{"loc":{"start":{"line":20,"column":4},"end":{"line":22,"column":5}},"type":"if","locations":[{"start":{"line":20,"column":4},"end":{"line":22,"column":5}},{"start":{},"end":{}}],"line":20},"2":{"loc":{"start":{"line":33,"column":4},"end":{"line":38,"column":5}},"type":"if","locations":[{"start":{"line":33,"column":4},"end":{"line":38,"column":5}},{"start":{},"end":{}}],"line":33},"3":{"loc":{"start":{"line":35,"column":6},"end":{"line":37,"column":7}},"type":"if","locations":[{"start":{"line":35,"column":6},"end":{"line":37,"column":7}},{"start":{},"end":{}}],"line":35},"4":{"loc":{"start":{"line":46,"column":4},"end":{"line":48,"column":5}},"type":"if","locations":[{"start":{"line":46,"column":4},"end":{"line":48,"column":5}},{"start":{},"end":{}}],"line":46},"5":{"loc":{"start":{"line":54,"column":4},"end":{"line":56,"column":5}},"type":"if","locations":[{"start":{"line":54,"column":4},"end":{"line":56,"column":5}},{"start":{},"end":{}}],"line":54}},"s":{"0":0,"1":0,"2":0,"3":0,"4":0,"5":0,"6":0,"7":0,"8":0,"9":0,"10":0,"11":0,"12":0,"13":0,"14":0,"15":0,"16":0,"17":0,"18":0,"19":0,"20":0,"21":0,"22":0,"23":0,"24":0,"25":0},"f":{"0":0,"1":0,"2":0,"3":0,"4":0},"b":{"0":[0,0],"1":[0,0],"2":[0,0],"3":[0,0],"4":[0,0],"5":[0,0]}}
,"C:\\Users\\Laure\\IdeaProjects\\digischool-api\\src\\services\\gradeService.js": {"path":"C:\\Users\\Laure\\IdeaProjects\\digischool-api\\src\\services\\gradeService.js","statementMap":{},"fnMap":{},"branchMap":{},"s":{},"f":{},"b":{}}
,"C:\\Users\\Laure\\IdeaProjects\\digischool-api\\src\\services\\studentService.js": {"path":"C:\\Users\\Laure\\IdeaProjects\\digischool-api\\src\\services\\studentService.js","statementMap":{"0":{"start":{"line":1,"column":16},"end":{"line":1,"column":44}},"1":{"start":{"line":6,"column":4},"end":{"line":7,"column":24}},"2":{"start":{"line":12,"column":20},"end":{"line":12,"column":46}},"3":{"start":{"line":14,"column":4},"end":{"line":16,"column":5}},"4":{"start":{"line":15,"column":6},"end":{"line":15,"column":43}},"5":{"start":{"line":17,"column":4},"end":{"line":17,"column":19}},"6":{"start":{"line":22,"column":20},"end":{"line":22,"column":44}},"7":{"start":{"line":23,"column":4},"end":{"line":23,"column":25}},"8":{"start":{"line":24,"column":4},"end":{"line":24,"column":19}},"9":{"start":{"line":29,"column":20},"end":{"line":33,"column":5}},"10":{"start":{"line":35,"column":4},"end":{"line":37,"column":5}},"11":{"start":{"line":36,"column":6},"end":{"line":36,"column":43}},"12":{"start":{"line":38,"column":4},"end":{"line":38,"column":19}},"13":{"start":{"line":43,"column":20},"end":{"line":43,"column":55}},"14":{"start":{"line":44,"column":4},"end":{"line":46,"column":5}},"15":{"start":{"line":45,"column":6},"end":{"line":45,"column":43}},"16":{"start":{"line":47,"column":4},"end":{"line":47,"column":19}},"17":{"start":{"line":51,"column":0},"end":{"line":51,"column":38}}},"fnMap":{"0":{"name":"(anonymous_0)","decl":{"start":{"line":5,"column":2},"end":{"line":5,"column":3}},"loc":{"start":{"line":5,"column":25},"end":{"line":8,"column":3}},"line":5},"1":{"name":"(anonymous_1)","decl":{"start":{"line":11,"column":2},"end":{"line":11,"column":3}},"loc":{"start":{"line":11,"column":27},"end":{"line":18,"column":3}},"line":11},"2":{"name":"(anonymous_2)","decl":{"start":{"line":21,"column":2},"end":{"line":21,"column":3}},"loc":{"start":{"line":21,"column":35},"end":{"line":25,"column":3}},"line":21},"3":{"name":"(anonymous_3)","decl":{"start":{"line":28,"column":2},"end":{"line":28,"column":3}},"loc":{"start":{"line":28,"column":38},"end":{"line":39,"column":3}},"line":28},"4":{"name":"(anonymous_4)","decl":{"start":{"line":42,"column":2},"end":{"line":42,"column":3}},"loc":{"start":{"line":42,"column":26},"end":{"line":48,"column":3}},"line":42}},"branchMap":{"0":{"loc":{"start":{"line":14,"column":4},"end":{"line":16,"column":5}},"type":"if","locations":[{"start":{"line":14,"column":4},"end":{"line":16,"column":5}},{"start":{},"end":{}}],"line":14},"1":{"loc":{"start":{"line":35,"column":4},"end":{"line":37,"column":5}},"type":"if","locations":[{"start":{"line":35,"column":4},"end":{"line":37,"column":5}},{"start":{},"end":{}}],"line":35},"2":{"loc":{"start":{"line":44,"column":4},"end":{"line":46,"column":5}},"type":"if","locations":[{"start":{"line":44,"column":4},"end":{"line":46,"column":5}},{"start":{},"end":{}}],"line":44}},"s":{"0":0,"1":0,"2":0,"3":0,"4":0,"5":0,"6":0,"7":0,"8":0,"9":0,"10":0,"11":0,"12":0,"13":0,"14":0,"15":0,"16":0,"17":0},"f":{"0":0,"1":0,"2":0,"3":0,"4":0},"b":{"0":[0,0],"1":[0,0],"2":[0,0]}}
,"C:\\Users\\Laure\\IdeaProjects\\digischool-api\\src\\services\\subjectService.js": {"path":"C:\\Users\\Laure\\IdeaProjects\\digischool-api\\src\\services\\subjectService.js","statementMap":{"0":{"start":{"line":1,"column":16},"end":{"line":1,"column":44}},"1":{"start":{"line":6,"column":2},"end":{"line":6,"column":47}},"2":{"start":{"line":11,"column":18},"end":{"line":11,"column":44}},"3":{"start":{"line":12,"column":2},"end":{"line":14,"column":3}},"4":{"start":{"line":13,"column":3},"end":{"line":13,"column":40}},"5":{"start":{"line":15,"column":2},"end":{"line":15,"column":17}},"6":{"start":{"line":20,"column":18},"end":{"line":20,"column":42}},"7":{"start":{"line":21,"column":2},"end":{"line":21,"column":30}},"8":{"start":{"line":26,"column":18},"end":{"line":29,"column":4}},"9":{"start":{"line":30,"column":2},"end":{"line":32,"column":3}},"10":{"start":{"line":31,"column":3},"end":{"line":31,"column":40}},"11":{"start":{"line":33,"column":2},"end":{"line":33,"column":17}},"12":{"start":{"line":38,"column":18},"end":{"line":38,"column":53}},"13":{"start":{"line":39,"column":2},"end":{"line":41,"column":3}},"14":{"start":{"line":40,"column":3},"end":{"line":40,"column":40}},"15":{"start":{"line":42,"column":2},"end":{"line":42,"column":17}},"16":{"start":{"line":46,"column":0},"end":{"line":46,"column":38}}},"fnMap":{"0":{"name":"(anonymous_0)","decl":{"start":{"line":5,"column":1},"end":{"line":5,"column":2}},"loc":{"start":{"line":5,"column":24},"end":{"line":7,"column":2}},"line":5},"1":{"name":"(anonymous_1)","decl":{"start":{"line":10,"column":1},"end":{"line":10,"column":2}},"loc":{"start":{"line":10,"column":26},"end":{"line":16,"column":2}},"line":10},"2":{"name":"(anonymous_2)","decl":{"start":{"line":19,"column":1},"end":{"line":19,"column":2}},"loc":{"start":{"line":19,"column":34},"end":{"line":22,"column":2}},"line":19},"3":{"name":"(anonymous_3)","decl":{"start":{"line":25,"column":1},"end":{"line":25,"column":2}},"loc":{"start":{"line":25,"column":37},"end":{"line":34,"column":2}},"line":25},"4":{"name":"(anonymous_4)","decl":{"start":{"line":37,"column":1},"end":{"line":37,"column":2}},"loc":{"start":{"line":37,"column":25},"end":{"line":43,"column":2}},"line":37}},"branchMap":{"0":{"loc":{"start":{"line":12,"column":2},"end":{"line":14,"column":3}},"type":"if","locations":[{"start":{"line":12,"column":2},"end":{"line":14,"column":3}},{"start":{},"end":{}}],"line":12},"1":{"loc":{"start":{"line":30,"column":2},"end":{"line":32,"column":3}},"type":"if","locations":[{"start":{"line":30,"column":2},"end":{"line":32,"column":3}},{"start":{},"end":{}}],"line":30},"2":{"loc":{"start":{"line":39,"column":2},"end":{"line":41,"column":3}},"type":"if","locations":[{"start":{"line":39,"column":2},"end":{"line":41,"column":3}},{"start":{},"end":{}}],"line":39}},"s":{"0":0,"1":0,"2":0,"3":0,"4":0,"5":0,"6":0,"7":0,"8":0,"9":0,"10":0,"11":0,"12":0,"13":0,"14":0,"15":0,"16":0},"f":{"0":0,"1":0,"2":0,"3":0,"4":0},"b":{"0":[0,0],"1":[0,0],"2":[0,0]}}
,"C:\\Users\\Laure\\IdeaProjects\\digischool-api\\src\\services\\teacherService.js": {"path":"C:\\Users\\Laure\\IdeaProjects\\digischool-api\\src\\services\\teacherService.js","statementMap":{"0":{"start":{"line":1,"column":16},"end":{"line":1,"column":44}},"1":{"start":{"line":6,"column":4},"end":{"line":6,"column":49}},"2":{"start":{"line":11,"column":20},"end":{"line":11,"column":46}},"3":{"start":{"line":12,"column":4},"end":{"line":14,"column":5}},"4":{"start":{"line":13,"column":6},"end":{"line":13,"column":43}},"5":{"start":{"line":15,"column":4},"end":{"line":15,"column":19}},"6":{"start":{"line":20,"column":20},"end":{"line":20,"column":44}},"7":{"start":{"line":21,"column":4},"end":{"line":21,"column":32}},"8":{"start":{"line":26,"column":20},"end":{"line":30,"column":5}},"9":{"start":{"line":31,"column":4},"end":{"line":33,"column":5}},"10":{"start":{"line":32,"column":6},"end":{"line":32,"column":43}},"11":{"start":{"line":34,"column":4},"end":{"line":34,"column":19}},"12":{"start":{"line":39,"column":20},"end":{"line":39,"column":55}},"13":{"start":{"line":40,"column":4},"end":{"line":42,"column":5}},"14":{"start":{"line":41,"column":6},"end":{"line":41,"column":43}},"15":{"start":{"line":43,"column":4},"end":{"line":43,"column":19}},"16":{"start":{"line":47,"column":0},"end":{"line":47,"column":38}}},"fnMap":{"0":{"name":"(anonymous_0)","decl":{"start":{"line":5,"column":2},"end":{"line":5,"column":3}},"loc":{"start":{"line":5,"column":25},"end":{"line":7,"column":3}},"line":5},"1":{"name":"(anonymous_1)","decl":{"start":{"line":10,"column":2},"end":{"line":10,"column":3}},"loc":{"start":{"line":10,"column":27},"end":{"line":16,"column":3}},"line":10},"2":{"name":"(anonymous_2)","decl":{"start":{"line":19,"column":2},"end":{"line":19,"column":3}},"loc":{"start":{"line":19,"column":35},"end":{"line":22,"column":3}},"line":19},"3":{"name":"(anonymous_3)","decl":{"start":{"line":25,"column":2},"end":{"line":25,"column":3}},"loc":{"start":{"line":25,"column":38},"end":{"line":35,"column":3}},"line":25},"4":{"name":"(anonymous_4)","decl":{"start":{"line":38,"column":2},"end":{"line":38,"column":3}},"loc":{"start":{"line":38,"column":26},"end":{"line":44,"column":3}},"line":38}},"branchMap":{"0":{"loc":{"start":{"line":12,"column":4},"end":{"line":14,"column":5}},"type":"if","locations":[{"start":{"line":12,"column":4},"end":{"line":14,"column":5}},{"start":{},"end":{}}],"line":12},"1":{"loc":{"start":{"line":31,"column":4},"end":{"line":33,"column":5}},"type":"if","locations":[{"start":{"line":31,"column":4},"end":{"line":33,"column":5}},{"start":{},"end":{}}],"line":31},"2":{"loc":{"start":{"line":40,"column":4},"end":{"line":42,"column":5}},"type":"if","locations":[{"start":{"line":40,"column":4},"end":{"line":42,"column":5}},{"start":{},"end":{}}],"line":40}},"s":{"0":1,"1":3,"2":3,"3":2,"4":1,"5":1,"6":2,"7":2,"8":3,"9":2,"10":1,"11":1,"12":2,"13":2,"14":1,"15":1,"16":1},"f":{"0":3,"1":3,"2":2,"3":3,"4":2},"b":{"0":[1,1],"1":[1,1],"2":[1,1]},"_coverageSchema":"1a1c01bbd47fc00a2c39e90264f33305004495a9","hash":"e5f44396c1e430bbb36356a01d8688c72081a6e0"}
,"C:\\Users\\Laure\\IdeaProjects\\digischool-api\\src\\services\\trimesterService.js": {"path":"C:\\Users\\Laure\\IdeaProjects\\digischool-api\\src\\services\\trimesterService.js","statementMap":{"0":{"start":{"line":1,"column":18},"end":{"line":1,"column":48}},"1":{"start":{"line":6,"column":4},"end":{"line":6,"column":52}},"2":{"start":{"line":11,"column":22},"end":{"line":11,"column":50}},"3":{"start":{"line":12,"column":4},"end":{"line":14,"column":5}},"4":{"start":{"line":13,"column":6},"end":{"line":13,"column":45}},"5":{"start":{"line":15,"column":4},"end":{"line":15,"column":21}},"6":{"start":{"line":20,"column":22},"end":{"line":20,"column":50}},"7":{"start":{"line":21,"column":4},"end":{"line":21,"column":34}},"8":{"start":{"line":26,"column":22},"end":{"line":30,"column":5}},"9":{"start":{"line":31,"column":4},"end":{"line":33,"column":5}},"10":{"start":{"line":32,"column":6},"end":{"line":32,"column":45}},"11":{"start":{"line":34,"column":4},"end":{"line":34,"column":21}},"12":{"start":{"line":39,"column":22},"end":{"line":39,"column":59}},"13":{"start":{"line":40,"column":4},"end":{"line":42,"column":5}},"14":{"start":{"line":41,"column":6},"end":{"line":41,"column":45}},"15":{"start":{"line":43,"column":4},"end":{"line":43,"column":21}},"16":{"start":{"line":47,"column":0},"end":{"line":47,"column":40}}},"fnMap":{"0":{"name":"(anonymous_0)","decl":{"start":{"line":5,"column":2},"end":{"line":5,"column":3}},"loc":{"start":{"line":5,"column":27},"end":{"line":7,"column":3}},"line":5},"1":{"name":"(anonymous_1)","decl":{"start":{"line":10,"column":2},"end":{"line":10,"column":3}},"loc":{"start":{"line":10,"column":29},"end":{"line":16,"column":3}},"line":10},"2":{"name":"(anonymous_2)","decl":{"start":{"line":19,"column":2},"end":{"line":19,"column":3}},"loc":{"start":{"line":19,"column":39},"end":{"line":22,"column":3}},"line":19},"3":{"name":"(anonymous_3)","decl":{"start":{"line":25,"column":2},"end":{"line":25,"column":3}},"loc":{"start":{"line":25,"column":40},"end":{"line":35,"column":3}},"line":25},"4":{"name":"(anonymous_4)","decl":{"start":{"line":38,"column":2},"end":{"line":38,"column":3}},"loc":{"start":{"line":38,"column":28},"end":{"line":44,"column":3}},"line":38}},"branchMap":{"0":{"loc":{"start":{"line":12,"column":4},"end":{"line":14,"column":5}},"type":"if","locations":[{"start":{"line":12,"column":4},"end":{"line":14,"column":5}},{"start":{},"end":{}}],"line":12},"1":{"loc":{"start":{"line":31,"column":4},"end":{"line":33,"column":5}},"type":"if","locations":[{"start":{"line":31,"column":4},"end":{"line":33,"column":5}},{"start":{},"end":{}}],"line":31},"2":{"loc":{"start":{"line":40,"column":4},"end":{"line":42,"column":5}},"type":"if","locations":[{"start":{"line":40,"column":4},"end":{"line":42,"column":5}},{"start":{},"end":{}}],"line":40}},"s":{"0":0,"1":0,"2":0,"3":0,"4":0,"5":0,"6":0,"7":0,"8":0,"9":0,"10":0,"11":0,"12":0,"13":0,"14":0,"15":0,"16":0},"f":{"0":0,"1":0,"2":0,"3":0,"4":0},"b":{"0":[0,0],"1":[0,0],"2":[0,0]}}
,"C:\\Users\\Laure\\IdeaProjects\\digischool-api\\src\\utils\\constants.js": {"path":"C:\\Users\\Laure\\IdeaProjects\\digischool-api\\src\\utils\\constants.js","statementMap":{},"fnMap":{},"branchMap":{},"s":{},"f":{},"b":{}}
,"C:\\Users\\Laure\\IdeaProjects\\digischool-api\\src\\utils\\logger.js": {"path":"C:\\Users\\Laure\\IdeaProjects\\digischool-api\\src\\utils\\logger.js","statementMap":{},"fnMap":{},"branchMap":{},"s":{},"f":{},"b":{}}
}
