TN:
SF:src\app.js
FNF:0
FNH:0
DA:1,0
DA:2,0
DA:3,0
DA:4,0
DA:5,0
DA:7,0
DA:10,0
DA:13,0
DA:19,0
DA:25,0
DA:28,0
DA:29,0
DA:33,0
DA:36,0
DA:38,0
LF:15
LH:0
BRDA:14,0,0,0
BRDA:14,0,1,0
BRDA:20,1,0,0
BRDA:20,1,1,0
BRDA:21,2,0,0
BRDA:21,2,1,0
BRF:6
BRH:0
end_of_record
TN:
SF:src\controllers\authController.js
FNF:0
FNH:0
LF:0
LH:0
BRF:0
BRH:0
end_of_record
TN:
SF:src\controllers\classController.js
FN:7,(anonymous_0)
FN:23,(anonymous_1)
FN:38,(anonymous_2)
FN:53,(anonymous_3)
FN:68,(anonymous_4)
FNF:5
FNH:0
FNDA:0,(anonymous_0)
FNDA:0,(anonymous_1)
FNDA:0,(anonymous_2)
FNDA:0,(anonymous_3)
FNDA:0,(anonymous_4)
DA:1,0
DA:8,0
DA:9,0
DA:10,0
DA:16,0
DA:24,0
DA:25,0
DA:26,0
DA:31,0
DA:39,0
DA:40,0
DA:41,0
DA:46,0
DA:54,0
DA:55,0
DA:56,0
DA:61,0
DA:69,0
DA:70,0
DA:71,0
DA:76,0
DA:81,0
LF:22
LH:0
BRF:0
BRH:0
end_of_record
TN:
SF:src\controllers\gradeController.js
FNF:0
FNH:0
LF:0
LH:0
BRF:0
BRH:0
end_of_record
TN:
SF:src\controllers\studentController.js
FN:7,(anonymous_0)
FN:23,(anonymous_1)
FN:38,(anonymous_2)
FN:53,(anonymous_3)
FN:68,(anonymous_4)
FNF:5
FNH:0
FNDA:0,(anonymous_0)
FNDA:0,(anonymous_1)
FNDA:0,(anonymous_2)
FNDA:0,(anonymous_3)
FNDA:0,(anonymous_4)
DA:1,0
DA:8,0
DA:9,0
DA:10,0
DA:16,0
DA:24,0
DA:25,0
DA:26,0
DA:31,0
DA:39,0
DA:40,0
DA:41,0
DA:46,0
DA:54,0
DA:55,0
DA:56,0
DA:61,0
DA:69,0
DA:70,0
DA:71,0
DA:76,0
DA:81,0
LF:22
LH:0
BRF:0
BRH:0
end_of_record
TN:
SF:src\controllers\subjectController.js
FN:7,(anonymous_0)
FN:23,(anonymous_1)
FN:38,(anonymous_2)
FN:53,(anonymous_3)
FN:71,(anonymous_4)
FNF:5
FNH:0
FNDA:0,(anonymous_0)
FNDA:0,(anonymous_1)
FNDA:0,(anonymous_2)
FNDA:0,(anonymous_3)
FNDA:0,(anonymous_4)
DA:1,0
DA:8,0
DA:9,0
DA:10,0
DA:16,0
DA:24,0
DA:25,0
DA:26,0
DA:31,0
DA:39,0
DA:40,0
DA:41,0
DA:46,0
DA:54,0
DA:55,0
DA:59,0
DA:64,0
DA:72,0
DA:73,0
DA:74,0
DA:79,0
DA:84,0
LF:22
LH:0
BRF:0
BRH:0
end_of_record
TN:
SF:src\controllers\teacherController.js
FN:7,(anonymous_0)
FN:23,(anonymous_1)
FN:38,(anonymous_2)
FN:53,(anonymous_3)
FN:68,(anonymous_4)
FNF:5
FNH:0
FNDA:0,(anonymous_0)
FNDA:0,(anonymous_1)
FNDA:0,(anonymous_2)
FNDA:0,(anonymous_3)
FNDA:0,(anonymous_4)
DA:1,0
DA:8,0
DA:9,0
DA:10,0
DA:16,0
DA:24,0
DA:25,0
DA:26,0
DA:31,0
DA:39,0
DA:40,0
DA:41,0
DA:46,0
DA:54,0
DA:55,0
DA:56,0
DA:61,0
DA:69,0
DA:70,0
DA:71,0
DA:76,0
DA:81,0
LF:22
LH:0
BRF:0
BRH:0
end_of_record
TN:
SF:src\controllers\trimesterController.js
FN:7,(anonymous_0)
FN:23,(anonymous_1)
FN:38,(anonymous_2)
FN:53,(anonymous_3)
FN:68,(anonymous_4)
FNF:5
FNH:0
FNDA:0,(anonymous_0)
FNDA:0,(anonymous_1)
FNDA:0,(anonymous_2)
FNDA:0,(anonymous_3)
FNDA:0,(anonymous_4)
DA:1,0
DA:8,0
DA:9,0
DA:10,0
DA:16,0
DA:24,0
DA:25,0
DA:26,0
DA:31,0
DA:39,0
DA:40,0
DA:41,0
DA:46,0
DA:54,0
DA:55,0
DA:56,0
DA:61,0
DA:69,0
DA:70,0
DA:71,0
DA:76,0
DA:81,0
LF:22
LH:0
BRF:0
BRH:0
end_of_record
TN:
SF:src\middlewares\authMiddleware.js
FNF:0
FNH:0
LF:0
LH:0
BRF:0
BRH:0
end_of_record
TN:
SF:src\middlewares\errorHandler.js
FN:1,(anonymous_0)
FN:5,(anonymous_1)
FNF:2
FNH:0
FNDA:0,(anonymous_0)
FNDA:0,(anonymous_1)
DA:1,0
DA:4,0
DA:5,0
DA:6,0
DA:14,0
DA:15,0
DA:22,0
DA:23,0
DA:30,0
DA:31,0
DA:37,0
DA:38,0
DA:45,0
DA:52,0
LF:14
LH:0
BRDA:4,0,0,0
BRDA:4,0,1,0
BRDA:14,1,0,0
BRDA:14,1,1,0
BRDA:22,2,0,0
BRDA:22,2,1,0
BRDA:30,3,0,0
BRDA:30,3,1,0
BRDA:37,4,0,0
BRDA:37,4,1,0
BRDA:45,5,0,0
BRDA:45,5,1,0
BRDA:47,6,0,0
BRDA:47,6,1,0
BRDA:48,7,0,0
BRDA:48,7,1,0
BRF:16
BRH:0
end_of_record
TN:
SF:src\middlewares\validation.js
FN:3,(anonymous_0)
FN:9,(anonymous_1)
FNF:2
FNH:0
FNDA:0,(anonymous_0)
FNDA:0,(anonymous_1)
DA:1,0
DA:3,0
DA:4,0
DA:5,0
DA:6,0
DA:9,0
DA:15,0
DA:18,0
LF:8
LH:0
BRDA:5,0,0,0
BRDA:5,0,1,0
BRF:2
BRH:0
end_of_record
TN:
SF:src\models\Class.js
FNF:0
FNH:0
DA:1,0
DA:3,0
DA:20,0
LF:3
LH:0
BRF:0
BRH:0
end_of_record
TN:
SF:src\models\Grade.js
FNF:0
FNH:0
LF:0
LH:0
BRF:0
BRH:0
end_of_record
TN:
SF:src\models\Student.js
FN:25,(anonymous_0)
FNF:1
FNH:0
FNDA:0,(anonymous_0)
DA:1,0
DA:3,0
DA:26,0
DA:48,0
LF:4
LH:0
BRF:0
BRH:0
end_of_record
TN:
SF:src\models\Subject.js
FNF:0
FNH:0
DA:1,0
DA:3,0
DA:18,0
LF:3
LH:0
BRF:0
BRH:0
end_of_record
TN:
SF:src\models\Teacher.js
FN:20,(anonymous_0)
FNF:1
FNH:0
FNDA:0,(anonymous_0)
DA:1,1
DA:3,1
DA:21,0
DA:43,1
LF:4
LH:3
BRF:0
BRH:0
end_of_record
TN:
SF:src\models\Trimester.js
FNF:0
FNH:0
DA:1,0
DA:3,0
DA:18,0
LF:3
LH:0
BRF:0
BRH:0
end_of_record
TN:
SF:src\models\User.js
FNF:0
FNH:0
LF:0
LH:0
BRF:0
BRH:0
end_of_record
TN:
SF:src\routes\authRoutes.js
FNF:0
FNH:0
LF:0
LH:0
BRF:0
BRH:0
end_of_record
TN:
SF:src\routes\classRoutes.js
FNF:0
FNH:0
DA:1,0
DA:2,0
DA:3,0
DA:4,0
DA:5,0
DA:9,0
DA:19,0
DA:24,0
DA:25,0
DA:26,0
DA:27,0
DA:28,0
DA:30,0
LF:13
LH:0
BRF:0
BRH:0
end_of_record
TN:
SF:src\routes\gradeRoutes.js
FNF:0
FNH:0
LF:0
LH:0
BRF:0
BRH:0
end_of_record
TN:
SF:src\routes\index.js
FNF:0
FNH:0
DA:1,0
DA:2,0
DA:5,0
DA:6,0
DA:7,0
DA:8,0
DA:9,0
DA:12,0
DA:13,0
DA:14,0
DA:15,0
DA:16,0
DA:18,0
LF:13
LH:0
BRF:0
BRH:0
end_of_record
TN:
SF:src\routes\studentRoutes.js
FN:24,(anonymous_0)
FNF:1
FNH:0
FNDA:0,(anonymous_0)
DA:1,0
DA:2,0
DA:3,0
DA:4,0
DA:5,0
DA:9,0
DA:25,0
DA:26,0
DA:28,0
DA:39,0
DA:44,0
DA:45,0
DA:46,0
DA:47,0
DA:48,0
DA:50,0
LF:16
LH:0
BRDA:25,0,0,0
BRDA:25,0,1,0
BRF:2
BRH:0
end_of_record
TN:
SF:src\routes\subjectRoutes.js
FNF:0
FNH:0
DA:1,0
DA:2,0
DA:3,0
DA:4,0
DA:5,0
DA:9,0
DA:18,0
DA:23,0
DA:24,0
DA:25,0
DA:26,0
DA:33,0
DA:35,0
LF:13
LH:0
BRF:0
BRH:0
end_of_record
TN:
SF:src\routes\teacherRoutes.js
FN:20,(anonymous_0)
FNF:1
FNH:0
FNDA:0,(anonymous_0)
DA:1,0
DA:2,0
DA:3,0
DA:4,0
DA:5,0
DA:8,0
DA:21,0
DA:22,0
DA:24,0
DA:35,0
DA:40,0
DA:41,0
DA:42,0
DA:43,0
DA:44,0
DA:46,0
LF:16
LH:0
BRDA:21,0,0,0
BRDA:21,0,1,0
BRF:2
BRH:0
end_of_record
TN:
SF:src\routes\trimesterRoutes.js
FNF:0
FNH:0
DA:1,0
DA:2,0
DA:3,0
DA:4,0
DA:5,0
DA:9,0
DA:19,0
DA:24,0
DA:25,0
DA:26,0
DA:27,0
DA:28,0
DA:30,0
LF:13
LH:0
BRF:0
BRH:0
end_of_record
TN:
SF:src\services\authService.js
FNF:0
FNH:0
LF:0
LH:0
BRF:0
BRH:0
end_of_record
TN:
SF:src\services\classService.js
FN:5,(anonymous_0)
FN:9,(anonymous_1)
FN:17,(anonymous_2)
FN:31,(anonymous_3)
FN:52,(anonymous_4)
FNF:5
FNH:0
FNDA:0,(anonymous_0)
FNDA:0,(anonymous_1)
FNDA:0,(anonymous_2)
FNDA:0,(anonymous_3)
FNDA:0,(anonymous_4)
DA:1,0
DA:2,0
DA:6,0
DA:10,0
DA:11,0
DA:12,0
DA:14,0
DA:19,0
DA:20,0
DA:21,0
DA:24,0
DA:25,0
DA:28,0
DA:33,0
DA:34,0
DA:35,0
DA:36,0
DA:40,0
DA:46,0
DA:47,0
DA:49,0
DA:53,0
DA:54,0
DA:55,0
DA:57,0
DA:61,0
LF:26
LH:0
BRDA:11,0,0,0
BRDA:11,0,1,0
BRDA:20,1,0,0
BRDA:20,1,1,0
BRDA:33,2,0,0
BRDA:33,2,1,0
BRDA:35,3,0,0
BRDA:35,3,1,0
BRDA:46,4,0,0
BRDA:46,4,1,0
BRDA:54,5,0,0
BRDA:54,5,1,0
BRF:12
BRH:0
end_of_record
TN:
SF:src\services\gradeService.js
FNF:0
FNH:0
LF:0
LH:0
BRF:0
BRH:0
end_of_record
TN:
SF:src\services\studentService.js
FN:5,(anonymous_0)
FN:11,(anonymous_1)
FN:21,(anonymous_2)
FN:28,(anonymous_3)
FN:42,(anonymous_4)
FNF:5
FNH:0
FNDA:0,(anonymous_0)
FNDA:0,(anonymous_1)
FNDA:0,(anonymous_2)
FNDA:0,(anonymous_3)
FNDA:0,(anonymous_4)
DA:1,0
DA:6,0
DA:12,0
DA:14,0
DA:15,0
DA:17,0
DA:22,0
DA:23,0
DA:24,0
DA:29,0
DA:35,0
DA:36,0
DA:38,0
DA:43,0
DA:44,0
DA:45,0
DA:47,0
DA:51,0
LF:18
LH:0
BRDA:14,0,0,0
BRDA:14,0,1,0
BRDA:35,1,0,0
BRDA:35,1,1,0
BRDA:44,2,0,0
BRDA:44,2,1,0
BRF:6
BRH:0
end_of_record
TN:
SF:src\services\subjectService.js
FN:5,(anonymous_0)
FN:10,(anonymous_1)
FN:19,(anonymous_2)
FN:25,(anonymous_3)
FN:37,(anonymous_4)
FNF:5
FNH:0
FNDA:0,(anonymous_0)
FNDA:0,(anonymous_1)
FNDA:0,(anonymous_2)
FNDA:0,(anonymous_3)
FNDA:0,(anonymous_4)
DA:1,0
DA:6,0
DA:11,0
DA:12,0
DA:13,0
DA:15,0
DA:20,0
DA:21,0
DA:26,0
DA:30,0
DA:31,0
DA:33,0
DA:38,0
DA:39,0
DA:40,0
DA:42,0
DA:46,0
LF:17
LH:0
BRDA:12,0,0,0
BRDA:12,0,1,0
BRDA:30,1,0,0
BRDA:30,1,1,0
BRDA:39,2,0,0
BRDA:39,2,1,0
BRF:6
BRH:0
end_of_record
TN:
SF:src\services\teacherService.js
FN:5,(anonymous_0)
FN:10,(anonymous_1)
FN:19,(anonymous_2)
FN:25,(anonymous_3)
FN:38,(anonymous_4)
FNF:5
FNH:5
FNDA:3,(anonymous_0)
FNDA:3,(anonymous_1)
FNDA:2,(anonymous_2)
FNDA:3,(anonymous_3)
FNDA:2,(anonymous_4)
DA:1,1
DA:6,3
DA:11,3
DA:12,2
DA:13,1
DA:15,1
DA:20,2
DA:21,2
DA:26,3
DA:31,2
DA:32,1
DA:34,1
DA:39,2
DA:40,2
DA:41,1
DA:43,1
DA:47,1
LF:17
LH:17
BRDA:12,0,0,1
BRDA:12,0,1,1
BRDA:31,1,0,1
BRDA:31,1,1,1
BRDA:40,2,0,1
BRDA:40,2,1,1
BRF:6
BRH:6
end_of_record
TN:
SF:src\services\trimesterService.js
FN:5,(anonymous_0)
FN:10,(anonymous_1)
FN:19,(anonymous_2)
FN:25,(anonymous_3)
FN:38,(anonymous_4)
FNF:5
FNH:0
FNDA:0,(anonymous_0)
FNDA:0,(anonymous_1)
FNDA:0,(anonymous_2)
FNDA:0,(anonymous_3)
FNDA:0,(anonymous_4)
DA:1,0
DA:6,0
DA:11,0
DA:12,0
DA:13,0
DA:15,0
DA:20,0
DA:21,0
DA:26,0
DA:31,0
DA:32,0
DA:34,0
DA:39,0
DA:40,0
DA:41,0
DA:43,0
DA:47,0
LF:17
LH:0
BRDA:12,0,0,0
BRDA:12,0,1,0
BRDA:31,1,0,0
BRDA:31,1,1,0
BRDA:40,2,0,0
BRDA:40,2,1,0
BRF:6
BRH:0
end_of_record
TN:
SF:src\utils\constants.js
FNF:0
FNH:0
LF:0
LH:0
BRF:0
BRH:0
end_of_record
TN:
SF:src\utils\logger.js
FNF:0
FNH:0
LF:0
LH:0
BRF:0
BRH:0
end_of_record
